[2024-07-13 22:12:25.014] [info]                      initializing background
[2024-07-14 23:46:06.149] [info]                      initializing background
[2024-07-15 10:17:01.119] [info]                      initializing background
[2024-07-15 19:51:09.615] [info]                      initializing background
[2024-07-17 10:38:36.581] [info]                      initializing background
[2024-07-18 11:41:58.425] [info]                      initializing background
[2024-07-18 17:00:35.754] [info]                      initializing background
[2024-07-18 18:39:27.211] [info]                      initializing background
[2024-07-18 20:02:18.771] [info]                      initializing background
[2024-07-19 11:56:53.544] [info]                      initializing background
[2024-07-19 20:04:44.267] [info]                      initializing background
[2024-07-22 11:45:13.689] [info]                      initializing background
[2024-07-22 12:37:16.953] [info]                      initializing background
[2024-07-22 16:24:37.793] [info]                      initializing background
[2024-07-22 18:58:49.481] [info]                      initializing background
[2024-07-22 20:57:12.120] [info]                      initializing background
[2024-07-23 10:44:10.414] [info]                      initializing background
[2024-07-23 11:46:12.928] [info]                      initializing background
[2024-07-23 12:08:51.016] [info]                      initializing background
[2024-07-23 12:56:57.157] [info]                      initializing background
[2024-07-23 13:13:48.743] [info]                      initializing background
[2024-07-23 13:21:32.614] [info]                      initializing background
[2024-07-23 13:33:36.619] [info]                      initializing background
[2024-07-23 14:42:07.935] [info]                      initializing background
[2024-07-23 14:43:07.595] [info]                      initializing background
[2024-07-23 15:59:31.536] [info]                      initializing background
[2024-07-23 17:09:13.179] [info]                      initializing background
[2024-07-23 17:24:08.438] [info]                      initializing background
[2024-07-24 00:34:44.772] [info]                      initializing background
[2024-07-24 03:04:15.702] [info]                      initializing background
[2024-07-24 11:01:16.921] [info]                      initializing background
[2024-07-24 11:38:58.180] [info]                      initializing background
[2024-07-24 12:21:04.548] [info]                      initializing background
[2024-07-24 14:54:40.480] [info]                      initializing background
[2024-07-24 16:16:05.927] [info]                      initializing background
[2024-07-24 16:17:01.217] [info]                      initializing background
[2024-07-24 16:57:20.598] [info]                      initializing background
[2024-07-24 17:30:25.546] [info]                      initializing background
[2024-07-24 18:21:19.276] [info]                      initializing background
[2024-07-24 19:39:09.718] [info]                      initializing background
[2024-07-24 20:23:37.289] [info]                      initializing background
[2024-07-25 10:55:46.140] [info]                      initializing background
[2024-08-04 03:32:02.619] [debug] (db/util) building selectTop for table 0 10 [ { field: 'id', dir: 'asc' } ] [ '*' ]
[2024-08-04 03:32:02.659] [debug] (db/util) building selectTop for users 10 100 null [ '*' ]
[2024-08-04 03:32:02.661] [debug] (db/util) building selectTop for info 100 10 null [ '*' ]
[2024-08-04 03:32:02.664] [debug] (db/util) building selectTop for info 100 10 null [ '*' ]
[2024-08-04 03:32:02.666] [debug] (db/util) building selectTop for info 100 10 null [ '*' ]
[2024-08-04 03:32:22.131] [debug] (export/export)     starting export
[2024-08-04 03:32:22.134] [debug] (db/util)           building selectTop for toexport null null [] [ '*' ]
[2024-08-04 03:32:22.136] [debug] (db/util)           building selectTop for toexport null null null [ '*' ]
[2024-08-04 03:32:22.138] [debug] (export/export)     running export
[2024-08-04 03:32:22.145] [debug] (export/export)     starting export
[2024-08-04 03:32:22.149] [debug] (db/util)           building selectTop for toexport null null [] [ '*' ]
[2024-08-04 03:32:22.151] [debug] (db/util)           building selectTop for toexport null null null [ '*' ]
[2024-08-04 03:32:22.153] [debug] (export/export)     running export
[2024-08-04 03:38:03.610] [info]                      initializing background
[2024-08-04 17:49:56.470] [info]                      initializing background
[2024-08-04 18:38:06.228] [info]                      initializing background
